<?xml version="1.0" encoding="UTF-8"?>
<!-- Generated by org.testng.reporters.JUnitXMLReporter -->
<testsuite hostname="de-c-w-869" name="Command line test" tests="3" failures="1" timestamp="26 Nov 2015 18:29:05 GMT" time="51.706" errors="0">
  <testcase name="main" time="41.357" classname="test.java.Framework_001Test">
    <failure type="java.lang.Exception" message="Test Case Failed because of Verification">
      <![CDATA[java.lang.Exception: Test Case Failed because of Verification
	at test.java.Framework_001Test.main(Framework_001Test.java:108)
... Removed 34 stack frames]]>
    </failure>
  </testcase> <!-- main -->
  <testcase name="ftest" time="0.0" classname="test.java.NewTest"/>
  <testcase name="gtest" time="0.0" classname="test.java.NewTest"/>
</testsuite> <!-- Command line test -->
