-------------------------------------------------------------------------------
Test set: TestSuite
-------------------------------------------------------------------------------
Tests run: 3, Failures: 1, Errors: 0, Skipped: 0, Time elapsed: 52.66 sec <<< FAILURE!
main(test.java.Framework_001Test)  Time elapsed: 41.373 sec  <<< FAILURE!
java.lang.Exception: Test Case Failed because of Verification
	at test.java.Framework_001Test.main(Framework_001Test.java:108)

