<?xml version="1.0" encoding="UTF-8"?>
<testng-results skipped="0" failed="0" total="1" passed="1">
  <reporter-output>
  </reporter-output>
  <suite name="Surefire suite" duration-ms="20443" started-at="2015-11-27T23:08:25Z" finished-at="2015-11-27T23:08:45Z">
    <groups>
    </groups>
    <test name="Surefire test" duration-ms="20443" started-at="2015-11-27T23:08:25Z" finished-at="2015-11-27T23:08:45Z">
      <class name="test.java.ProductSearchTest">
        <test-method status="PASS" signature="beforeMethod()[pri:0, instance:test.java.ProductSearchTest@dfd3711]" name="beforeMethod" is-config="true" duration-ms="13522" started-at="2015-11-28T00:08:25Z" finished-at="2015-11-28T00:08:39Z">
          <reporter-output>
          </reporter-output>
        </test-method> <!-- beforeMethod -->
        <test-method status="PASS" signature="verifyProductSearchListResult()[pri:0, instance:test.java.ProductSearchTest@dfd3711]" name="verifyProductSearchListResult" duration-ms="6884" started-at="2015-11-28T00:08:39Z" finished-at="2015-11-28T00:08:45Z">
          <reporter-output>
          </reporter-output>
        </test-method> <!-- verifyProductSearchListResult -->
        <test-method status="PASS" signature="afterMethod()[pri:0, instance:test.java.ProductSearchTest@dfd3711]" name="afterMethod" is-config="true" duration-ms="19" started-at="2015-11-28T00:08:45Z" finished-at="2015-11-28T00:08:45Z">
          <reporter-output>
          </reporter-output>
        </test-method> <!-- afterMethod -->
      </class> <!-- test.java.ProductSearchTest -->
    </test> <!-- Surefire test -->
  </suite> <!-- Surefire suite -->
</testng-results>
