<?xml version="1.0" encoding="UTF-8"?>
<testng-results skipped="0" failed="0" total="1" passed="1">
  <reporter-output>
  </reporter-output>
  <suite name="Default suite" duration-ms="49429" started-at="2015-11-27T16:40:10Z" finished-at="2015-11-27T16:40:59Z">
    <groups>
    </groups>
    <test name="Default test" duration-ms="49429" started-at="2015-11-27T16:40:10Z" finished-at="2015-11-27T16:40:59Z">
      <class name="test.java.ProductSearchTest">
        <test-method status="PASS" signature="beforeMethod()[pri:0, instance:test.java.ProductSearchTest@1cd072a9]" name="beforeMethod" is-config="true" duration-ms="19052" started-at="2015-11-27T17:40:10Z" finished-at="2015-11-27T17:40:29Z">
          <reporter-output>
          </reporter-output>
        </test-method> <!-- beforeMethod -->
        <test-method status="PASS" signature="SearchForProduct()[pri:0, instance:test.java.ProductSearchTest@1cd072a9]" name="SearchForProduct" duration-ms="30312" started-at="2015-11-27T17:40:29Z" finished-at="2015-11-27T17:40:59Z">
          <reporter-output>
          </reporter-output>
        </test-method> <!-- SearchForProduct -->
        <test-method status="PASS" signature="afterMethod()[pri:0, instance:test.java.ProductSearchTest@1cd072a9]" name="afterMethod" is-config="true" duration-ms="19" started-at="2015-11-27T17:40:59Z" finished-at="2015-11-27T17:40:59Z">
          <reporter-output>
          </reporter-output>
        </test-method> <!-- afterMethod -->
      </class> <!-- test.java.ProductSearchTest -->
    </test> <!-- Default test -->
  </suite> <!-- Default suite -->
</testng-results>
